
[389765] signal (15): Terminated
in expression starting at /home/pr478/repos/Julia-Wav-KAN/wavKAN_RNO/hyperparamter_tuning.jl:105
unknown function (ip: 0x7f0cd682dbe5)
unknown function (ip: 0x7f0cd68b4a1e)
macro expansion at /home/pr478/.julia/packages/CUDA/75aiI/lib/utils/call.jl:218 [inlined]
macro expansion at /home/pr478/.julia/packages/CUDA/75aiI/lib/cudadrv/libcuda.jl:5138 [inlined]
#735 at /home/pr478/.julia/packages/CUDA/75aiI/lib/utils/call.jl:35 [inlined]
check at /home/pr478/.julia/packages/CUDA/75aiI/lib/cudadrv/libcuda.jl:35 [inlined]
cuOccupancyMaxPotentialBlockSize at /home/pr478/.julia/packages/CUDA/75aiI/lib/utils/call.jl:34 [inlined]
#launch_configuration#979 at /home/pr478/.julia/packages/CUDA/75aiI/lib/cudadrv/occupancy.jl:61
launch_configuration at /home/pr478/.julia/packages/CUDA/75aiI/lib/cudadrv/occupancy.jl:56 [inlined]
#launch_heuristic#1204 at /home/pr478/.julia/packages/CUDA/75aiI/src/gpuarrays.jl:22 [inlined]
launch_heuristic at /home/pr478/.julia/packages/CUDA/75aiI/src/gpuarrays.jl:15 [inlined]
_copyto! at /home/pr478/.julia/packages/GPUArrays/HjWFN/src/host/broadcast.jl:78 [inlined]
copyto! at /home/pr478/.julia/packages/GPUArrays/HjWFN/src/host/broadcast.jl:44 [inlined]
copy at /home/pr478/.julia/packages/GPUArrays/HjWFN/src/host/broadcast.jl:29 [inlined]
materialize at ./broadcast.jl:903 [inlined]
broadcast_preserving_zero_d at ./broadcast.jl:892 [inlined]
accum at /home/pr478/.julia/packages/Zygote/nsBv0/src/lib/lib.jl:25
unknown function (ip: 0x7f0b8d5cd819)
_jl_invoke at /cache/build/builder-amdci4-2/julialang/julia-release-1-dot-10/src/gf.c:2895 [inlined]
ijl_apply_generic at /cache/build/builder-amdci4-2/julialang/julia-release-1-dot-10/src/gf.c:3077
accum_global at /home/pr478/.julia/packages/Zygote/nsBv0/src/lib/lib.jl:67
#190 at /home/pr478/.julia/packages/Zygote/nsBv0/src/lib/lib.jl:78 [inlined]
#1986#back at /home/pr478/.julia/packages/ZygoteRules/M4xmc/src/adjoint.jl:72
unknown function (ip: 0x7f0ba20d723f)
_jl_invoke at /cache/build/builder-amdci4-2/julialang/julia-release-1-dot-10/src/gf.c:2895 [inlined]
ijl_apply_generic at /cache/build/builder-amdci4-2/julialang/julia-release-1-dot-10/src/gf.c:3077
MeyerAux at /home/pr478/repos/Julia-Wav-KAN/KAN/wavelets/meyer_utils.jl:52 [inlined]
Pullback at /home/pr478/.julia/packages/Zygote/nsBv0/src/compiler/interface2.jl:0
unknown function (ip: 0x7f0ba211d575)
_jl_invoke at /cache/build/builder-amdci4-2/julialang/julia-release-1-dot-10/src/gf.c:2895 [inlined]
ijl_apply_generic at /cache/build/builder-amdci4-2/julialang/julia-release-1-dot-10/src/gf.c:3077
MWavelet at /home/pr478/repos/Julia-Wav-KAN/KAN/wavelets/meyer.jl:39 [inlined]
Pullback at /home/pr478/.julia/packages/Zygote/nsBv0/src/compiler/interface2.jl:0
unknown function (ip: 0x7f0ba210f955)
_jl_invoke at /cache/build/builder-amdci4-2/julialang/julia-release-1-dot-10/src/gf.c:2895 [inlined]
ijl_apply_generic at /cache/build/builder-amdci4-2/julialang/julia-release-1-dot-10/src/gf.c:3077
KANdense_layer at /home/pr478/repos/Julia-Wav-KAN/KAN/KAN_layers.jl:76 [inlined]
Pullback at /home/pr478/.julia/packages/Zygote/nsBv0/src/compiler/interface2.jl:0
unknown function (ip: 0x7f0ba210c2e5)
_jl_invoke at /cache/build/builder-amdci4-2/julialang/julia-release-1-dot-10/src/gf.c:2895 [inlined]
ijl_apply_generic at /cache/build/builder-amdci4-2/julialang/julia-release-1-dot-10/src/gf.c:3077
fwd_pass at /home/pr478/repos/Julia-Wav-KAN/wavKAN_RNO/KAN_RNO.jl:51 [inlined]
Pullback at /home/pr478/.julia/packages/Zygote/nsBv0/src/compiler/interface2.jl:0
unknown function (ip: 0x7f0b8d60f635)
_jl_invoke at /cache/build/builder-amdci4-2/julialang/julia-release-1-dot-10/src/gf.c:2895 [inlined]
ijl_apply_generic at /cache/build/builder-amdci4-2/julialang/julia-release-1-dot-10/src/gf.c:3077
KAN_RNO at /home/pr478/repos/Julia-Wav-KAN/wavKAN_RNO/KAN_RNO.jl:71 [inlined]
Pullback at /home/pr478/.julia/packages/Zygote/nsBv0/src/compiler/interface2.jl:0
loss_fcn at /home/pr478/repos/Julia-Wav-KAN/utils.jl:12 [inlined]
Pullback at /home/pr478/.julia/packages/Zygote/nsBv0/src/compiler/interface2.jl:0
#1 at /home/pr478/repos/Julia-Wav-KAN/pipeline/train.jl:19 [inlined]
Pullback at /home/pr478/.julia/packages/Zygote/nsBv0/src/compiler/interface2.jl:0
#75 at /home/pr478/.julia/packages/Zygote/nsBv0/src/compiler/interface.jl:91
unknown function (ip: 0x7f0ba20a7ac9)
_jl_invoke at /cache/build/builder-amdci4-2/julialang/julia-release-1-dot-10/src/gf.c:2895 [inlined]
ijl_apply_generic at /cache/build/builder-amdci4-2/julialang/julia-release-1-dot-10/src/gf.c:3077
withgradient at /home/pr478/.julia/packages/Zygote/nsBv0/src/compiler/interface.jl:213
unknown function (ip: 0x7f0bfa1d40d9)
_jl_invoke at /cache/build/builder-amdci4-2/julialang/julia-release-1-dot-10/src/gf.c:2895 [inlined]
ijl_apply_generic at /cache/build/builder-amdci4-2/julialang/julia-release-1-dot-10/src/gf.c:3077
train_step at /home/pr478/repos/Julia-Wav-KAN/pipeline/train.jl:19
unknown function (ip: 0x7f0bfa1d33bc)
_jl_invoke at /cache/build/builder-amdci4-2/julialang/julia-release-1-dot-10/src/gf.c:2895 [inlined]
ijl_apply_generic at /cache/build/builder-amdci4-2/julialang/julia-release-1-dot-10/src/gf.c:3077
objective at /home/pr478/repos/Julia-Wav-KAN/wavKAN_RNO/hyperparamter_tuning.jl:69
evaluate_trial! at /home/pr478/.julia/packages/HyperTuning/7Qthr/src/evaluator/sequential.jl:5
unknown function (ip: 0x7f0dab994c24)
_jl_invoke at /cache/build/builder-amdci4-2/julialang/julia-release-1-dot-10/src/gf.c:2895 [inlined]
ijl_apply_generic at /cache/build/builder-amdci4-2/julialang/julia-release-1-dot-10/src/gf.c:3077
evaluate_objective_sequential at /home/pr478/.julia/packages/HyperTuning/7Qthr/src/evaluator/sequential.jl:27
evaluate_objective at /home/pr478/.julia/packages/HyperTuning/7Qthr/src/evaluator/evaluate_objective.jl:12 [inlined]
optimize! at /home/pr478/.julia/packages/HyperTuning/7Qthr/src/optimize.jl:29
optimize at /home/pr478/.julia/packages/HyperTuning/7Qthr/src/optimize.jl:47
unknown function (ip: 0x7f0dab95ba19)
_jl_invoke at /cache/build/builder-amdci4-2/julialang/julia-release-1-dot-10/src/gf.c:2895 [inlined]
ijl_apply_generic at /cache/build/builder-amdci4-2/julialang/julia-release-1-dot-10/src/gf.c:3077
jl_apply at /cache/build/builder-amdci4-2/julialang/julia-release-1-dot-10/src/julia.h:1982 [inlined]
do_call at /cache/build/builder-amdci4-2/julialang/julia-release-1-dot-10/src/interpreter.c:126
eval_value at /cache/build/builder-amdci4-2/julialang/julia-release-1-dot-10/src/interpreter.c:223
eval_stmt_value at /cache/build/builder-amdci4-2/julialang/julia-release-1-dot-10/src/interpreter.c:174 [inlined]
eval_body at /cache/build/builder-amdci4-2/julialang/julia-release-1-dot-10/src/interpreter.c:617
jl_interpret_toplevel_thunk at /cache/build/builder-amdci4-2/julialang/julia-release-1-dot-10/src/interpreter.c:775
jl_toplevel_eval_flex at /cache/build/builder-amdci4-2/julialang/julia-release-1-dot-10/src/toplevel.c:934
jl_toplevel_eval_flex at /cache/build/builder-amdci4-2/julialang/julia-release-1-dot-10/src/toplevel.c:877
ijl_toplevel_eval_in at /cache/build/builder-amdci4-2/julialang/julia-release-1-dot-10/src/toplevel.c:985
eval at ./boot.jl:385 [inlined]
include_string at ./loading.jl:2076
_jl_invoke at /cache/build/builder-amdci4-2/julialang/julia-release-1-dot-10/src/gf.c:2895 [inlined]
ijl_apply_generic at /cache/build/builder-amdci4-2/julialang/julia-release-1-dot-10/src/gf.c:3077
_include at ./loading.jl:2136
include at ./Base.jl:495
jfptr_include_46394.1 at /home/pr478/julia-1.10.3/lib/julia/sys.so (unknown line)
_jl_invoke at /cache/build/builder-amdci4-2/julialang/julia-release-1-dot-10/src/gf.c:2895 [inlined]
ijl_apply_generic at /cache/build/builder-amdci4-2/julialang/julia-release-1-dot-10/src/gf.c:3077
exec_options at ./client.jl:318
_start at ./client.jl:552
jfptr__start_82726.1 at /home/pr478/julia-1.10.3/lib/julia/sys.so (unknown line)
_jl_invoke at /cache/build/builder-amdci4-2/julialang/julia-release-1-dot-10/src/gf.c:2895 [inlined]
ijl_apply_generic at /cache/build/builder-amdci4-2/julialang/julia-release-1-dot-10/src/gf.c:3077
jl_apply at /cache/build/builder-amdci4-2/julialang/julia-release-1-dot-10/src/julia.h:1982 [inlined]
true_main at /cache/build/builder-amdci4-2/julialang/julia-release-1-dot-10/src/jlapi.c:582
jl_repl_entrypoint at /cache/build/builder-amdci4-2/julialang/julia-release-1-dot-10/src/jlapi.c:731
main at /cache/build/builder-amdci4-2/julialang/julia-release-1-dot-10/cli/loader_exe.c:58
__libc_start_main at /lib/x86_64-linux-gnu/libc.so.6 (unknown line)
unknown function (ip: 0x4010b8)
unknown function (ip: (nil))
Allocations: 15843159439 (Pool: 15840409221; Big: 2750218); GC: 3752
┌ Warning: CUDA runtime library `libcublasLt.so.12` was loaded from a system path, `/usr/local/cuda-12.3/lib64/libcublasLt.so.12`.
│ 
│ This may cause errors. Ensure that you have not set the LD_LIBRARY_PATH
│ environment variable, or that it does not contain paths to CUDA libraries.
│ 
│ In any other case, please file an issue.
└ @ CUDA ~/.julia/packages/CUDA/75aiI/src/initialization.jl:219
┌ Warning: CUDA runtime library `libnvJitLink.so.12` was loaded from a system path, `/usr/local/cuda-12.3/lib64/libnvJitLink.so.12`.
│ 
│ This may cause errors. Ensure that you have not set the LD_LIBRARY_PATH
│ environment variable, or that it does not contain paths to CUDA libraries.
│ 
│ In any other case, please file an issue.
└ @ CUDA ~/.julia/packages/CUDA/75aiI/src/initialization.jl:219
┌ Warning: CUDA runtime library `libcusparse.so.12` was loaded from a system path, `/usr/local/cuda-12.3/lib64/libcusparse.so.12`.
│ 
│ This may cause errors. Ensure that you have not set the LD_LIBRARY_PATH
│ environment variable, or that it does not contain paths to CUDA libraries.
│ 
│ In any other case, please file an issue.
└ @ CUDA ~/.julia/packages/CUDA/75aiI/src/initialization.jl:219
