
[27897] signal (15): Terminated
in expression starting at /home/ubuntu/Julia-Wav-KAN/train.jl:71
malloc at /lib/x86_64-linux-gnu/libc.so.6 (unknown line)
malloc_s at /cache/build/builder-amdci4-0/julialang/julia-release-1-dot-10/src/support/dtypes.h:365 [inlined]
jl_get_cfunction_trampoline at /cache/build/builder-amdci4-0/julialang/julia-release-1-dot-10/src/runtime_ccall.cpp:309
#launch_configuration#979 at /home/ubuntu/.julia/packages/CUDA/75aiI/lib/cudadrv/occupancy.jl:66
launch_configuration at /home/ubuntu/.julia/packages/CUDA/75aiI/lib/cudadrv/occupancy.jl:56 [inlined]
#mapreducedim!#1238 at /home/ubuntu/.julia/packages/CUDA/75aiI/src/mapreduce.jl:236
mapreducedim! at /home/ubuntu/.julia/packages/CUDA/75aiI/src/mapreduce.jl:169 [inlined]
#mapreducedim!#1238 at /home/ubuntu/.julia/packages/CUDA/75aiI/src/mapreduce.jl:274
mapreducedim! at /home/ubuntu/.julia/packages/CUDA/75aiI/src/mapreduce.jl:169 [inlined]
#_mapreduce#42 at /home/ubuntu/.julia/packages/GPUArrays/8Y80U/src/host/mapreduce.jl:67
_mapreduce at /home/ubuntu/.julia/packages/GPUArrays/8Y80U/src/host/mapreduce.jl:33 [inlined]
#mapreduce#40 at /home/ubuntu/.julia/packages/GPUArrays/8Y80U/src/host/mapreduce.jl:28 [inlined]
mapreduce at /home/ubuntu/.julia/packages/GPUArrays/8Y80U/src/host/mapreduce.jl:28 [inlined]
#_sum#855 at ./reducedim.jl:1039 [inlined]
_sum at ./reducedim.jl:1039 [inlined]
#_sum#854 at ./reducedim.jl:1038 [inlined]
_sum at ./reducedim.jl:1038 [inlined]
#sum#828 at ./reducedim.jl:1010 [inlined]
sum at ./reducedim.jl:1010 [inlined]
#accum_sum#1170 at /home/ubuntu/.julia/packages/Zygote/nsBv0/src/lib/broadcast.jl:47 [inlined]
accum_sum at /home/ubuntu/.julia/packages/Zygote/nsBv0/src/lib/broadcast.jl:47 [inlined]
unbroadcast at /home/ubuntu/.julia/packages/Zygote/nsBv0/src/lib/broadcast.jl:62 [inlined]
#1201 at /home/ubuntu/.julia/packages/Zygote/nsBv0/src/lib/broadcast.jl:93
#3794#back at /home/ubuntu/.julia/packages/ZygoteRules/M4xmc/src/adjoint.jl:72
unknown function (ip: 0x7f57137597c2)
_jl_invoke at /cache/build/builder-amdci4-0/julialang/julia-release-1-dot-10/src/gf.c:2895 [inlined]
ijl_apply_generic at /cache/build/builder-amdci4-0/julialang/julia-release-1-dot-10/src/gf.c:3077
MHWavelet at /home/ubuntu/Julia-Wav-KAN/KAN/wavelets/mexican_hat.jl:39 [inlined]
Pullback at /home/ubuntu/.julia/packages/Zygote/nsBv0/src/compiler/interface2.jl:0
unknown function (ip: 0x7f57137889d5)
_jl_invoke at /cache/build/builder-amdci4-0/julialang/julia-release-1-dot-10/src/gf.c:2895 [inlined]
ijl_apply_generic at /cache/build/builder-amdci4-0/julialang/julia-release-1-dot-10/src/gf.c:3077
KANdense_layer at /home/ubuntu/Julia-Wav-KAN/KAN/KAN_layers.jl:77 [inlined]
Pullback at /home/ubuntu/.julia/packages/Zygote/nsBv0/src/compiler/interface2.jl:0
unknown function (ip: 0x7f57137850a5)
_jl_invoke at /cache/build/builder-amdci4-0/julialang/julia-release-1-dot-10/src/gf.c:2895 [inlined]
ijl_apply_generic at /cache/build/builder-amdci4-0/julialang/julia-release-1-dot-10/src/gf.c:3077
fwd_pass at /home/ubuntu/Julia-Wav-KAN/wavKAN_RNO/KAN_RNO.jl:51 [inlined]
Pullback at /home/ubuntu/.julia/packages/Zygote/nsBv0/src/compiler/interface2.jl:0
unknown function (ip: 0x7f57137d1b65)
_jl_invoke at /cache/build/builder-amdci4-0/julialang/julia-release-1-dot-10/src/gf.c:2895 [inlined]
ijl_apply_generic at /cache/build/builder-amdci4-0/julialang/julia-release-1-dot-10/src/gf.c:3077
KAN_RNO at /home/ubuntu/Julia-Wav-KAN/wavKAN_RNO/KAN_RNO.jl:71 [inlined]
Pullback at /home/ubuntu/.julia/packages/Zygote/nsBv0/src/compiler/interface2.jl:0
loss_fcn at /home/ubuntu/Julia-Wav-KAN/utils.jl:12 [inlined]
Pullback at /home/ubuntu/.julia/packages/Zygote/nsBv0/src/compiler/interface2.jl:0
#1 at /home/ubuntu/Julia-Wav-KAN/pipeline/train.jl:19 [inlined]
Pullback at /home/ubuntu/.julia/packages/Zygote/nsBv0/src/compiler/interface2.jl:0
#75 at /home/ubuntu/.julia/packages/Zygote/nsBv0/src/compiler/interface.jl:91
unknown function (ip: 0x7f571372d329)
_jl_invoke at /cache/build/builder-amdci4-0/julialang/julia-release-1-dot-10/src/gf.c:2895 [inlined]
ijl_apply_generic at /cache/build/builder-amdci4-0/julialang/julia-release-1-dot-10/src/gf.c:3077
withgradient at /home/ubuntu/.julia/packages/Zygote/nsBv0/src/compiler/interface.jl:213
unknown function (ip: 0x7f57141a66f9)
_jl_invoke at /cache/build/builder-amdci4-0/julialang/julia-release-1-dot-10/src/gf.c:2895 [inlined]
ijl_apply_generic at /cache/build/builder-amdci4-0/julialang/julia-release-1-dot-10/src/gf.c:3077
train_step at /home/ubuntu/Julia-Wav-KAN/pipeline/train.jl:19
unknown function (ip: 0x7f57141a59cc)
_jl_invoke at /cache/build/builder-amdci4-0/julialang/julia-release-1-dot-10/src/gf.c:2895 [inlined]
ijl_apply_generic at /cache/build/builder-amdci4-0/julialang/julia-release-1-dot-10/src/gf.c:3077
jl_apply at /cache/build/builder-amdci4-0/julialang/julia-release-1-dot-10/src/julia.h:1982 [inlined]
do_call at /cache/build/builder-amdci4-0/julialang/julia-release-1-dot-10/src/interpreter.c:126
eval_value at /cache/build/builder-amdci4-0/julialang/julia-release-1-dot-10/src/interpreter.c:223
eval_stmt_value at /cache/build/builder-amdci4-0/julialang/julia-release-1-dot-10/src/interpreter.c:174 [inlined]
eval_body at /cache/build/builder-amdci4-0/julialang/julia-release-1-dot-10/src/interpreter.c:617
jl_interpret_toplevel_thunk at /cache/build/builder-amdci4-0/julialang/julia-release-1-dot-10/src/interpreter.c:775
jl_toplevel_eval_flex at /cache/build/builder-amdci4-0/julialang/julia-release-1-dot-10/src/toplevel.c:934
jl_toplevel_eval_flex at /cache/build/builder-amdci4-0/julialang/julia-release-1-dot-10/src/toplevel.c:877
ijl_toplevel_eval_in at /cache/build/builder-amdci4-0/julialang/julia-release-1-dot-10/src/toplevel.c:985
eval at ./boot.jl:385 [inlined]
include_string at ./loading.jl:2076
_jl_invoke at /cache/build/builder-amdci4-0/julialang/julia-release-1-dot-10/src/gf.c:2895 [inlined]
ijl_apply_generic at /cache/build/builder-amdci4-0/julialang/julia-release-1-dot-10/src/gf.c:3077
_include at ./loading.jl:2136
include at ./Base.jl:495
jfptr_include_46393.1 at /home/ubuntu/julia-1.10.4/lib/julia/sys.so (unknown line)
_jl_invoke at /cache/build/builder-amdci4-0/julialang/julia-release-1-dot-10/src/gf.c:2895 [inlined]
ijl_apply_generic at /cache/build/builder-amdci4-0/julialang/julia-release-1-dot-10/src/gf.c:3077
exec_options at ./client.jl:318
_start at ./client.jl:552
jfptr__start_82729.1 at /home/ubuntu/julia-1.10.4/lib/julia/sys.so (unknown line)
_jl_invoke at /cache/build/builder-amdci4-0/julialang/julia-release-1-dot-10/src/gf.c:2895 [inlined]
ijl_apply_generic at /cache/build/builder-amdci4-0/julialang/julia-release-1-dot-10/src/gf.c:3077
jl_apply at /cache/build/builder-amdci4-0/julialang/julia-release-1-dot-10/src/julia.h:1982 [inlined]
true_main at /cache/build/builder-amdci4-0/julialang/julia-release-1-dot-10/src/jlapi.c:582
jl_repl_entrypoint at /cache/build/builder-amdci4-0/julialang/julia-release-1-dot-10/src/jlapi.c:731
main at /cache/build/builder-amdci4-0/julialang/julia-release-1-dot-10/cli/loader_exe.c:58
unknown function (ip: 0x7f57ae029d8f)
__libc_start_main at /lib/x86_64-linux-gnu/libc.so.6 (unknown line)
unknown function (ip: 0x4010b8)
unknown function (ip: (nil))
Allocations: 951621649 (Pool: 951436853; Big: 184796); GC: 508
0.0%â”£                                              â”« 0/50 [00:03<-2:-35, -3s/it]
[1A2.0%â”£â–‰                                          â”« 1/50 [01:26<Inf:Inf, InfGs/it]
[1A4.0%â”£â–ˆâ–Š                                         â”« 2/50 [01:57<01:33:13, 117s/it]
[1A6.0%â”£â–ˆâ–ˆâ–‰                                            â”« 3/50 [02:27<57:35, 74s/it]
[1A8.0%â”£â–ˆâ–ˆâ–ˆâ–Š                                           â”« 4/50 [02:57<45:15, 59s/it]
[1A10.0%â”£â–ˆâ–ˆâ–ˆâ–ˆâ–‹                                         â”« 5/50 [03:27<38:50, 52s/it]
[1A12.0%â”£â–ˆâ–ˆâ–ˆâ–ˆâ–ˆâ–Œ                                        â”« 6/50 [03:57<34:48, 47s/it]
[1A14.0%â”£â–ˆâ–ˆâ–ˆâ–ˆâ–ˆâ–ˆâ–                                       â”« 7/50 [04:27<31:52, 44s/it]
[1A16.0%â”£â–ˆâ–ˆâ–ˆâ–ˆâ–ˆâ–ˆâ–ˆâ–                                      â”« 8/50 [04:57<29:43, 42s/it]
