┌ Warning: CUDA runtime library `libcublasLt.so.12` was loaded from a system path, `/usr/local/cuda-12.3/lib64/libcublasLt.so.12`.
│ 
│ This may cause errors. Ensure that you have not set the LD_LIBRARY_PATH
│ environment variable, or that it does not contain paths to CUDA libraries.
│ 
│ In any other case, please file an issue.
└ @ CUDA ~/.julia/packages/CUDA/75aiI/src/initialization.jl:219
┌ Warning: CUDA runtime library `libnvJitLink.so.12` was loaded from a system path, `/usr/local/cuda-12.3/lib64/libnvJitLink.so.12`.
│ 
│ This may cause errors. Ensure that you have not set the LD_LIBRARY_PATH
│ environment variable, or that it does not contain paths to CUDA libraries.
│ 
│ In any other case, please file an issue.
└ @ CUDA ~/.julia/packages/CUDA/75aiI/src/initialization.jl:219
┌ Warning: CUDA runtime library `libcusparse.so.12` was loaded from a system path, `/usr/local/cuda-12.3/lib64/libcusparse.so.12`.
│ 
│ This may cause errors. Ensure that you have not set the LD_LIBRARY_PATH
│ environment variable, or that it does not contain paths to CUDA libraries.
│ 
│ In any other case, please file an issue.
└ @ CUDA ~/.julia/packages/CUDA/75aiI/src/initialization.jl:219
Train Loss: 717.4842221322862 Test Loss: 222.60704867183148
[+] Trial 1: Pair{Symbol, Any}[:activation => "relu", :b_size => 17, :d_model => 182, :dim_feedforward => 973, :dropout => 0.4721895004747526, :gamma => 0.24847258887791046, :learning_rate => 0.0039530152996991134, :max_len => 1131, :nhead => 11, :num_decoder_layers => 3, :num_encoder_layers => 7, :step_rate => 33] evaluated 1.3505996407838566e7 at instance 1
Train Loss: 10209.208370286064 Test Loss: 3456.588313970547
[+] Trial 2: Pair{Symbol, Any}[:activation => "selu", :b_size => 11, :d_model => 122, :dim_feedforward => 515, :dropout => 0.319522956517833, :gamma => 0.3560362682818069, :learning_rate => 0.0693846844270222, :max_len => 2128, :nhead => 13, :num_decoder_layers => 2, :num_encoder_layers => 3, :step_rate => 20] evaluated 2.690762256498063e6 at instance 1
Train Loss: 10035.488894089145 Test Loss: 3265.085034722992
[+] Trial 3: Pair{Symbol, Any}[:activation => "selu", :b_size => 15, :d_model => 182, :dim_feedforward => 748, :dropout => 0.3224123110650442, :gamma => 0.28185354433081455, :learning_rate => 0.07286039617070389, :max_len => 3039, :nhead => 20, :num_decoder_layers => 1, :num_encoder_layers => 7, :step_rate => 28] evaluated 9.60506516511517e6 at instance 1
Train Loss: 10035.488894089147 Test Loss: 3265.085034722992
[+] Trial 4: Pair{Symbol, Any}[:activation => "relu", :b_size => 13, :d_model => 190, :dim_feedforward => 905, :dropout => 0.1212714529450766, :gamma => 0.25334920065748334, :learning_rate => 0.009345077165768389, :max_len => 2601, :nhead => 7, :num_decoder_layers => 3, :num_encoder_layers => 6, :step_rate => 39] evaluated 1.177237352444014e7 at instance 1
Train Loss: 722.8554321580488 Test Loss: 233.068191311685
[+] Trial 5: Pair{Symbol, Any}[:activation => "leakyrelu", :b_size => 13, :d_model => 116, :dim_feedforward => 858, :dropout => 0.6871624294731044, :gamma => 0.3233889240473633, :learning_rate => 0.07691008543862056, :max_len => 1439, :nhead => 17, :num_decoder_layers => 1, :num_encoder_layers => 5, :step_rate => 14] evaluated 4.14169229672536e6 at instance 1
Train Loss: 10035.488894089145 Test Loss: 3265.0850347229916
[+] Trial 6: Pair{Symbol, Any}[:activation => "leakyrelu", :b_size => 19, :d_model => 150, :dim_feedforward => 586, :dropout => 0.1276515262392689, :gamma => 0.3311185660425105, :learning_rate => 0.02262881306216187, :max_len => 2857, :nhead => 6, :num_decoder_layers => 2, :num_encoder_layers => 4, :step_rate => 13] evaluated 5.600460731420245e6 at instance 1
Train Loss: 10035.488894089147 Test Loss: 3265.085034722992
[+] Trial 7: Pair{Symbol, Any}[:activation => "selu", :b_size => 18, :d_model => 84, :dim_feedforward => 613, :dropout => 0.4700160554720829, :gamma => 0.5334157034009491, :learning_rate => 0.09316311193429852, :max_len => 2821, :nhead => 6, :num_decoder_layers => 3, :num_encoder_layers => 2, :step_rate => 30] evaluated 2.5059733669666382e6 at instance 1
Train Loss: 10209.208370286055 Test Loss: 3456.5883139705475
[+] Trial 8: Pair{Symbol, Any}[:activation => "selu", :b_size => 1, :d_model => 162, :dim_feedforward => 701, :dropout => 0.6455357018322676, :gamma => 0.2573950455834816, :learning_rate => 0.06456382700514035, :max_len => 1728, :nhead => 20, :num_decoder_layers => 3, :num_encoder_layers => 6, :step_rate => 40] evaluated 6913.176627941095 at instance 1
Train Loss: 735.1554448548261 Test Loss: 221.68408575835792
[+] Trial 9: Pair{Symbol, Any}[:activation => "selu", :b_size => 11, :d_model => 72, :dim_feedforward => 889, :dropout => 0.4970129950157077, :gamma => 0.20100935027634526, :learning_rate => 0.07400468049598605, :max_len => 1022, :nhead => 8, :num_decoder_layers => 1, :num_encoder_layers => 8, :step_rate => 27] evaluated 3.3074191052121148e6 at instance 1
Train Loss: 712.7274945927164 Test Loss: 226.21209230274692
[+] Trial 10: Pair{Symbol, Any}[:activation => "leakyrelu", :b_size => 6, :d_model => 118, :dim_feedforward => 770, :dropout => 0.8028088171051316, :gamma => 0.20529629336680888, :learning_rate => 0.08600709612563741, :max_len => 2835, :nhead => 11, :num_decoder_layers => 3, :num_encoder_layers => 4, :step_rate => 18] evaluated 3.4259614703279007e6 at instance 1
Train Loss: 721.7419836107473 Test Loss: 222.62559236522824
[+] Trial 11: Pair{Symbol, Any}[:activation => "relu", :b_size => 1, :d_model => 66, :dim_feedforward => 1124, :dropout => 0.5136100357965112, :gamma => 0.614567622906606, :learning_rate => 0.09636304542122444, :max_len => 2617, :nhead => 20, :num_decoder_layers => 1, :num_encoder_layers => 2, :step_rate => 35] evaluated 445.2511847304565 at instance 1
Train Loss: 762.5723335543593 Test Loss: 224.25655873297717
[+] Trial 12: Pair{Symbol, Any}[:activation => "relu", :b_size => 16, :d_model => 172, :dim_feedforward => 869, :dropout => 0.8091546422042913, :gamma => 0.7749115740221222, :learning_rate => 0.06567644043422194, :max_len => 2149, :nhead => 19, :num_decoder_layers => 3, :num_encoder_layers => 2, :step_rate => 30] evaluated 6.434262823784656e6 at instance 1
Train Loss: 711.6151633331054 Test Loss: 222.64345868219144
[+] Trial 13: Pair{Symbol, Any}[:activation => "selu", :b_size => 13, :d_model => 166, :dim_feedforward => 773, :dropout => 0.6581293890218914, :gamma => 0.8441594547604975, :learning_rate => 0.01739590053278348, :max_len => 1014, :nhead => 6, :num_decoder_layers => 3, :num_encoder_layers => 3, :step_rate => 21] evaluated 5.689320850362673e6 at instance 1
Train Loss: 10209.20837028606 Test Loss: 3456.588313970546
[+] Trial 14: Pair{Symbol, Any}[:activation => "selu", :b_size => 7, :d_model => 142, :dim_feedforward => 654, :dropout => 0.1163232125911164, :gamma => 0.25880672718854913, :learning_rate => 0.08424646984106036, :max_len => 2228, :nhead => 12, :num_decoder_layers => 1, :num_encoder_layers => 4, :step_rate => 40] evaluated 3.036506525422605e6 at instance 1
Train Loss: 711.6845277928624 Test Loss: 224.57899351328012
[+] Trial 15: Pair{Symbol, Any}[:activation => "relu", :b_size => 10, :d_model => 156, :dim_feedforward => 1126, :dropout => 0.15150679520084973, :gamma => 0.8222075897575044, :learning_rate => 0.0002655779477978724, :max_len => 2360, :nhead => 1, :num_decoder_layers => 2, :num_encoder_layers => 7, :step_rate => 15] evaluated 9.692501844343029e6 at instance 1
Train Loss: 10035.488894089143 Test Loss: 3265.0850347229925
[+] Trial 16: Pair{Symbol, Any}[:activation => "relu", :b_size => 1, :d_model => 154, :dim_feedforward => 669, :dropout => 0.4386827092732405, :gamma => 0.8853653679513772, :learning_rate => 0.04038817480743681, :max_len => 3929, :nhead => 8, :num_decoder_layers => 3, :num_encoder_layers => 8, :step_rate => 28] evaluated 6530.170069445985 at instance 1
Train Loss: 10209.208370286062 Test Loss: 3456.588313970545
[+] Trial 17: Pair{Symbol, Any}[:activation => "leakyrelu", :b_size => 5, :d_model => 82, :dim_feedforward => 602, :dropout => 0.26803041895488067, :gamma => 0.5167107656062729, :learning_rate => 0.025122941539592172, :max_len => 3216, :nhead => 3, :num_decoder_layers => 3, :num_encoder_layers => 6, :step_rate => 32] evaluated 2.1727772302141455e6 at instance 1
Train Loss: 10209.208370286062 Test Loss: 3456.588313970546
[+] Trial 18: Pair{Symbol, Any}[:activation => "leakyrelu", :b_size => 18, :d_model => 168, :dim_feedforward => 540, :dropout => 0.20126526053185245, :gamma => 0.3013320025178235, :learning_rate => 0.04330650216930277, :max_len => 1938, :nhead => 11, :num_decoder_layers => 1, :num_encoder_layers => 4, :step_rate => 13] evaluated 4.822500864651825e6 at instance 1
Train Loss: 712.0868565331904 Test Loss: 225.30194289390482
[+] Trial 19: Pair{Symbol, Any}[:activation => "selu", :b_size => 14, :d_model => 92, :dim_feedforward => 917, :dropout => 0.6262395575552222, :gamma => 0.5174092649313966, :learning_rate => 0.027466834924671186, :max_len => 4997, :nhead => 8, :num_decoder_layers => 1, :num_encoder_layers => 8, :step_rate => 36] evaluated 5.864372652914981e6 at instance 1
Train Loss: 713.6016876012668 Test Loss: 222.67393905865723
[+] Trial 20: Pair{Symbol, Any}[:activation => "selu", :b_size => 1, :d_model => 92, :dim_feedforward => 523, :dropout => 0.7786303494059407, :gamma => 0.6604875280627167, :learning_rate => 0.0016024383719591365, :max_len => 2993, :nhead => 17, :num_decoder_layers => 2, :num_encoder_layers => 4, :step_rate => 18] evaluated 445.34787811731445 at instance 1
Train Loss: 713.567928073157 Test Loss: 222.59656927288273
[+] Trial 21: Pair{Symbol, Any}[:activation => "relu", :b_size => 17, :d_model => 118, :dim_feedforward => 659, :dropout => 0.8971527244516642, :gamma => 0.2848130532902393, :learning_rate => 0.07855423519151511, :max_len => 2617, :nhead => 15, :num_decoder_layers => 1, :num_encoder_layers => 5, :step_rate => 17] evaluated 4.257538067877062e6 at instance 1
Train Loss: 739.4400395526831 Test Loss: 237.73632006627068
[+] Trial 22: Pair{Symbol, Any}[:activation => "leakyrelu", :b_size => 5, :d_model => 130, :dim_feedforward => 894, :dropout => 0.42224334491668636, :gamma => 0.621404230566202, :learning_rate => 0.07231377553397661, :max_len => 4911, :nhead => 10, :num_decoder_layers => 1, :num_encoder_layers => 2, :step_rate => 23] evaluated 2.4050545762743875e6 at instance 1
Train Loss: 740.2141181109429 Test Loss: 273.19379282271814
[+] Trial 23: Pair{Symbol, Any}[:activation => "leakyrelu", :b_size => 12, :d_model => 182, :dim_feedforward => 742, :dropout => 0.4031610900126188, :gamma => 0.28832268840670805, :learning_rate => 0.06903415004346822, :max_len => 4322, :nhead => 12, :num_decoder_layers => 2, :num_encoder_layers => 4, :step_rate => 19] evaluated 7.498690080654692e6 at instance 1
Train Loss: 10209.208370286065 Test Loss: 3456.5883139705456
[+] Trial 24: Pair{Symbol, Any}[:activation => "selu", :b_size => 15, :d_model => 128, :dim_feedforward => 633, :dropout => 0.13555489471738502, :gamma => 0.8363309299562552, :learning_rate => 0.08540965076119907, :max_len => 3867, :nhead => 3, :num_decoder_layers => 2, :num_encoder_layers => 6, :step_rate => 16] evaluated 5.960531755198938e6 at instance 1
Train Loss: 10035.488894089147 Test Loss: 3265.085034722992
[+] Trial 25: Pair{Symbol, Any}[:activation => "relu", :b_size => 15, :d_model => 122, :dim_feedforward => 824, :dropout => 0.5894612852559744, :gamma => 0.13071144288761422, :learning_rate => 0.02704145282573849, :max_len => 3130, :nhead => 7, :num_decoder_layers => 1, :num_encoder_layers => 8, :step_rate => 33] evaluated 7.074045621759413e6 at instance 1
Train Loss: 718.6118868026908 Test Loss: 223.68029836081024
[+] Trial 26: Pair{Symbol, Any}[:activation => "selu", :b_size => 5, :d_model => 170, :dim_feedforward => 1067, :dropout => 0.7851599988496187, :gamma => 0.8776135375981821, :learning_rate => 0.05763787610396472, :max_len => 4367, :nhead => 7, :num_decoder_layers => 1, :num_encoder_layers => 2, :step_rate => 31] evaluated 3.3780588278924725e6 at instance 1
Train Loss: 10209.208370286058 Test Loss: 3456.5883139705456
[+] Trial 27: Pair{Symbol, Any}[:activation => "leakyrelu", :b_size => 17, :d_model => 140, :dim_feedforward => 749, :dropout => 0.23915404539274798, :gamma => 0.5708801100165415, :learning_rate => 0.0746838868847855, :max_len => 1767, :nhead => 12, :num_decoder_layers => 1, :num_encoder_layers => 6, :step_rate => 20] evaluated 6.071514001687346e6 at instance 1
Train Loss: 718.7941775901469 Test Loss: 250.6535456954902
[+] Trial 28: Pair{Symbol, Any}[:activation => "leakyrelu", :b_size => 17, :d_model => 132, :dim_feedforward => 867, :dropout => 0.6805814881570048, :gamma => 0.25269295142149595, :learning_rate => 0.004769477578527534, :max_len => 1907, :nhead => 2, :num_decoder_layers => 3, :num_encoder_layers => 4, :step_rate => 22] evaluated 6.330591221768928e6 at instance 1
Train Loss: 713.7295337951664 Test Loss: 223.32727751159263
[+] Trial 29: Pair{Symbol, Any}[:activation => "leakyrelu", :b_size => 11, :d_model => 94, :dim_feedforward => 691, :dropout => 0.8384452746617092, :gamma => 0.29377563496741044, :learning_rate => 0.03706501814787635, :max_len => 1961, :nhead => 2, :num_decoder_layers => 3, :num_encoder_layers => 6, :step_rate => 12] evaluated 3.8508478056888245e6 at instance 1
Train Loss: 10209.208370286064 Test Loss: 3456.588313970546
[+] Trial 30: Pair{Symbol, Any}[:activation => "relu", :b_size => 14, :d_model => 156, :dim_feedforward => 587, :dropout => 0.3303242287383281, :gamma => 0.36246051952257285, :learning_rate => 0.09293144789999175, :max_len => 2703, :nhead => 3, :num_decoder_layers => 3, :num_encoder_layers => 2, :step_rate => 13] evaluated 4.526842499403972e6 at instance 1
Train Loss: 10035.488894089143 Test Loss: 3265.0850347229925
[+] Trial 31: Pair{Symbol, Any}[:activation => "selu", :b_size => 2, :d_model => 128, :dim_feedforward => 1156, :dropout => 0.2257636421065434, :gamma => 0.34623539363952327, :learning_rate => 0.07772777267680787, :max_len => 2448, :nhead => 20, :num_decoder_layers => 3, :num_encoder_layers => 7, :step_rate => 16] evaluated 2.6314376471663057e6 at instance 1
Train Loss: 21.260670359550357 Test Loss: 87.8646073716093
[+] Trial 32: Pair{Symbol, Any}[:activation => "leakyrelu", :b_size => 18, :d_model => 162, :dim_feedforward => 957, :dropout => 0.4808276718916312, :gamma => 0.8869590739191419, :learning_rate => 0.043893725102425014, :max_len => 1710, :nhead => 9, :num_decoder_layers => 1, :num_encoder_layers => 2, :step_rate => 12] evaluated 4.193157107985488e6 at instance 1
Train Loss: 749.5102378954814 Test Loss: 251.34759851129226
[+] Trial 33: Pair{Symbol, Any}[:activation => "relu", :b_size => 15, :d_model => 152, :dim_feedforward => 840, :dropout => 0.6193427544412768, :gamma => 0.6409495664462351, :learning_rate => 0.09313613621530525, :max_len => 3410, :nhead => 19, :num_decoder_layers => 1, :num_encoder_layers => 4, :step_rate => 13] evaluated 5.829383065404849e6 at instance 1
Train Loss: 202.9671663812744 Test Loss: 178.57712565967077
[+] Trial 34: Pair{Symbol, Any}[:activation => "selu", :b_size => 20, :d_model => 106, :dim_feedforward => 1114, :dropout => 0.5852044934070847, :gamma => 0.8578424967017616, :learning_rate => 0.06561827270545033, :max_len => 3478, :nhead => 7, :num_decoder_layers => 1, :num_encoder_layers => 7, :step_rate => 35] evaluated 7.620622308616521e6 at instance 1
Train Loss: 10209.20837028606 Test Loss: 3456.588313970546
[+] Trial 35: Pair{Symbol, Any}[:activation => "selu", :b_size => 8, :d_model => 88, :dim_feedforward => 815, :dropout => 0.3879779835772742, :gamma => 0.2637868008834617, :learning_rate => 0.05250906735717371, :max_len => 2491, :nhead => 15, :num_decoder_layers => 3, :num_encoder_layers => 4, :step_rate => 21] evaluated 2.912258992066007e6 at instance 1
Train Loss: 10035.488894089145 Test Loss: 3265.085034722992
[+] Trial 36: Pair{Symbol, Any}[:activation => "leakyrelu", :b_size => 8, :d_model => 106, :dim_feedforward => 967, :dropout => 0.21257057874828025, :gamma => 0.22580069139043024, :learning_rate => 0.03790438591012525, :max_len => 4376, :nhead => 17, :num_decoder_layers => 1, :num_encoder_layers => 7, :step_rate => 25] evaluated 4.973082904308357e6 at instance 1
Train Loss: 716.2951216466734 Test Loss: 227.58301168032344
[+] Trial 37: Pair{Symbol, Any}[:activation => "selu", :b_size => 3, :d_model => 66, :dim_feedforward => 627, :dropout => 0.6751059334581389, :gamma => 0.5716825970102786, :learning_rate => 0.03731310871432143, :max_len => 4765, :nhead => 4, :num_decoder_layers => 3, :num_encoder_layers => 8, :step_rate => 25] evaluated 1.518552782098192e6 at instance 1
Train Loss: 10209.20837028606 Test Loss: 3456.588313970547
[+] Trial 38: Pair{Symbol, Any}[:activation => "relu", :b_size => 11, :d_model => 98, :dim_feedforward => 1187, :dropout => 0.42243470824957974, :gamma => 0.3287688176270243, :learning_rate => 0.08013076681790265, :max_len => 4783, :nhead => 19, :num_decoder_layers => 1, :num_encoder_layers => 8, :step_rate => 37] evaluated 6.816844631354948e6 at instance 1
Train Loss: 10209.208370286064 Test Loss: 3456.5883139705475
[+] Trial 39: Pair{Symbol, Any}[:activation => "leakyrelu", :b_size => 2, :d_model => 104, :dim_feedforward => 998, :dropout => 0.21458547380814547, :gamma => 0.7087221234455993, :learning_rate => 0.07787182575299119, :max_len => 1085, :nhead => 20, :num_decoder_layers => 2, :num_encoder_layers => 8, :step_rate => 29] evaluated 1.7619625309529032e6 at instance 1
Train Loss: 750.8090479717043 Test Loss: 222.84126411983956
[+] Trial 40: Pair{Symbol, Any}[:activation => "selu", :b_size => 15, :d_model => 174, :dim_feedforward => 1015, :dropout => 0.807145561489701, :gamma => 0.13284746602743783, :learning_rate => 0.09397688098017024, :max_len => 4528, :nhead => 13, :num_decoder_layers => 1, :num_encoder_layers => 7, :step_rate => 11] evaluated 1.1807682669894133e7 at instance 1
Train Loss: 10035.488894089145 Test Loss: 3265.085034722992
[+] Trial 41: Pair{Symbol, Any}[:activation => "relu", :b_size => 14, :d_model => 162, :dim_feedforward => 774, :dropout => 0.1858458741083182, :gamma => 0.5011147468902765, :learning_rate => 0.04616996713988014, :max_len => 2441, :nhead => 15, :num_decoder_layers => 1, :num_encoder_layers => 4, :step_rate => 12] evaluated 5.426702646295822e6 at instance 1
Train Loss: 710.9095380258526 Test Loss: 223.12362704528812
[+] Trial 42: Pair{Symbol, Any}[:activation => "selu", :b_size => 15, :d_model => 66, :dim_feedforward => 1117, :dropout => 0.7987119780839874, :gamma => 0.6745581134257137, :learning_rate => 0.013192888736888354, :max_len => 1200, :nhead => 4, :num_decoder_layers => 3, :num_encoder_layers => 5, :step_rate => 27] evaluated 3.729255350908762e6 at instance 1
Train Loss: 711.0038132307968 Test Loss: 222.6066329048545
[+] Trial 43: Pair{Symbol, Any}[:activation => "selu", :b_size => 9, :d_model => 192, :dim_feedforward => 844, :dropout => 0.7746466359698262, :gamma => 0.5512297270594791, :learning_rate => 0.015165192560986543, :max_len => 1866, :nhead => 17, :num_decoder_layers => 3, :num_encoder_layers => 5, :step_rate => 29] evaluated 8.473332092224462e6 at instance 1
Train Loss: 10209.208370286062 Test Loss: 3456.5883139705456
[+] Trial 44: Pair{Symbol, Any}[:activation => "relu", :b_size => 15, :d_model => 168, :dim_feedforward => 1148, :dropout => 0.33235504772294605, :gamma => 0.8350966021435748, :learning_rate => 0.09202341057124248, :max_len => 1633, :nhead => 9, :num_decoder_layers => 1, :num_encoder_layers => 2, :step_rate => 36] evaluated 4.593080141750769e6 at instance 1
Train Loss: 10035.488894089145 Test Loss: 3265.0850347229925
[+] Trial 45: Pair{Symbol, Any}[:activation => "selu", :b_size => 2, :d_model => 134, :dim_feedforward => 1160, :dropout => 0.24098169157349983, :gamma => 0.5954484827311911, :learning_rate => 0.019640683347421913, :max_len => 1264, :nhead => 2, :num_decoder_layers => 3, :num_encoder_layers => 5, :step_rate => 40] evaluated 2.1595638410565117e6 at instance 1
Train Loss: 718.6682095319821 Test Loss: 222.81115886858774
[+] Trial 46: Pair{Symbol, Any}[:activation => "leakyrelu", :b_size => 1, :d_model => 192, :dim_feedforward => 990, :dropout => 0.5292614696827053, :gamma => 0.22081276814286765, :learning_rate => 0.006187921929840516, :max_len => 4778, :nhead => 20, :num_decoder_layers => 3, :num_encoder_layers => 8, :step_rate => 28] evaluated 445.6223177371755 at instance 1
Train Loss: 717.1208708500935 Test Loss: 251.69769355337348
[+] Trial 47: Pair{Symbol, Any}[:activation => "selu", :b_size => 14, :d_model => 168, :dim_feedforward => 590, :dropout => 0.729492969121821, :gamma => 0.7440311876456834, :learning_rate => 0.012200466182563463, :max_len => 1072, :nhead => 18, :num_decoder_layers => 1, :num_encoder_layers => 3, :step_rate => 19] evaluated 3.4840405970779406e6 at instance 1
Train Loss: 10035.488894089149 Test Loss: 3265.0850347229916
[+] Trial 48: Pair{Symbol, Any}[:activation => "selu", :b_size => 19, :d_model => 78, :dim_feedforward => 682, :dropout => 0.1941805986412103, :gamma => 0.5801449519856896, :learning_rate => 0.009964056609719718, :max_len => 2648, :nhead => 20, :num_decoder_layers => 3, :num_encoder_layers => 6, :step_rate => 16] evaluated 3.9540187874397463e6 at instance 1
Train Loss: 10035.488894089147 Test Loss: 3265.0850347229925
[+] Trial 49: Pair{Symbol, Any}[:activation => "relu", :b_size => 1, :d_model => 66, :dim_feedforward => 523, :dropout => 0.2334056235525804, :gamma => 0.5594017450046831, :learning_rate => 0.02719104832875925, :max_len => 4778, :nhead => 10, :num_decoder_layers => 3, :num_encoder_layers => 2, :step_rate => 28] evaluated 6530.170069445985 at instance 1
Train Loss: 713.6995358562427 Test Loss: 222.67297800318488
[+] Trial 50: Pair{Symbol, Any}[:activation => "leakyrelu", :b_size => 3, :d_model => 104, :dim_feedforward => 1124, :dropout => 0.2589962251776273, :gamma => 0.5126284338991681, :learning_rate => 0.0001, :max_len => 1085, :nhead => 17, :num_decoder_layers => 2, :num_encoder_layers => 4, :step_rate => 28] evaluated 1.8928588451889702e6 at instance 1
PARAMETERS:
┌────┬────────────┬────────┬─────────┬─────────────────┬──────────┬──────────┬───────────────┬─────────┬───────┬────────────────────┬────────────────────┬───────────┬─────────┬───────────┬─────────┬────────┐
│ ID │ activation │ b_size │ d_model │ dim_feedforward │  dropout │    gamma │ learning_rate │ max_len │ nhead │ num_decoder_layers │ num_encoder_layers │ step_rate │ Success │ Objective │    Time │ Pruned │
├────┼────────────┼────────┼─────────┼─────────────────┼──────────┼──────────┼───────────────┼─────────┼───────┼────────────────────┼────────────────────┼───────────┼─────────┼───────────┼─────────┼────────┤
│ 11 │       relu │      1 │      66 │            1124 │  0.51361 │ 0.614568 │      0.096363 │    2617 │    20 │                  1 │                  2 │        35 │       0 │   445.251 │  238.49 │  false │
│ 50 │  leakyrelu │      3 │     104 │            1124 │ 0.258996 │ 0.512628 │        0.0001 │    1085 │    17 │                  2 │                  4 │        28 │       0 │ 1.89286e6 │ 217.974 │  false │
│ 22 │  leakyrelu │      5 │     130 │             894 │ 0.422243 │ 0.621404 │     0.0723138 │    4911 │    10 │                  1 │                  2 │        23 │       0 │ 2.40505e6 │  130.91 │  false │
│  7 │       selu │     18 │      84 │             613 │ 0.470016 │ 0.533416 │     0.0931631 │    2821 │     6 │                  3 │                  2 │        30 │       0 │ 2.50597e6 │ 103.839 │  false │
│ 32 │  leakyrelu │     18 │     162 │             957 │ 0.480828 │ 0.886959 │     0.0438937 │    1710 │     9 │                  1 │                  2 │        12 │       0 │ 4.19316e6 │ 91.0769 │  false │
│ 44 │       relu │     15 │     168 │            1148 │ 0.332355 │ 0.835097 │     0.0920234 │    1633 │     9 │                  1 │                  2 │        36 │       0 │ 4.59308e6 │ 89.5396 │  false │
└────┴────────────┴────────┴─────────┴─────────────────┴──────────┴──────────┴───────────────┴─────────┴───────┴────────────────────┴────────────────────┴───────────┴─────────┴───────────┴─────────┴────────┘

