┌ Warning: CUDA runtime library `libcublasLt.so.12` was loaded from a system path, `/usr/local/cuda-12.3/lib64/libcublasLt.so.12`.
│ 
│ This may cause errors. Ensure that you have not set the LD_LIBRARY_PATH
│ environment variable, or that it does not contain paths to CUDA libraries.
│ 
│ In any other case, please file an issue.
└ @ CUDA ~/.julia/packages/CUDA/75aiI/src/initialization.jl:219
┌ Warning: CUDA runtime library `libnvJitLink.so.12` was loaded from a system path, `/usr/local/cuda-12.3/lib64/libnvJitLink.so.12`.
│ 
│ This may cause errors. Ensure that you have not set the LD_LIBRARY_PATH
│ environment variable, or that it does not contain paths to CUDA libraries.
│ 
│ In any other case, please file an issue.
└ @ CUDA ~/.julia/packages/CUDA/75aiI/src/initialization.jl:219
┌ Warning: CUDA runtime library `libcusparse.so.12` was loaded from a system path, `/usr/local/cuda-12.3/lib64/libcusparse.so.12`.
│ 
│ This may cause errors. Ensure that you have not set the LD_LIBRARY_PATH
│ environment variable, or that it does not contain paths to CUDA libraries.
│ 
│ In any other case, please file an issue.
└ @ CUDA ~/.julia/packages/CUDA/75aiI/src/initialization.jl:219
ERROR: LoadError: Out of GPU memory trying to allocate 3.254 MiB
Effective GPU memory usage: 99.97% (47.512 GiB/47.528 GiB)
Memory pool usage: 45.902 GiB (47.188 GiB reserved)

Stacktrace:
  [1] _pool_alloc
    @ ~/.julia/packages/CUDA/75aiI/src/memory.jl:660 [inlined]
  [2] macro expansion
    @ ~/.julia/packages/CUDA/75aiI/src/memory.jl:617 [inlined]
  [3] macro expansion
    @ ./timing.jl:395 [inlined]
  [4] pool_alloc
    @ ~/.julia/packages/CUDA/75aiI/src/memory.jl:616 [inlined]
  [5] CuArray{ForwardDiff.Dual{Nothing, Float32, 1}, 3, CUDA.DeviceMemory}(::UndefInitializer, dims::Tuple{Int64, Int64, Int64})
    @ CUDA ~/.julia/packages/CUDA/75aiI/src/array.jl:74
  [6] similar
    @ ./abstractarray.jl:877 [inlined]
  [7] similar
    @ ./abstractarray.jl:876 [inlined]
  [8] similar
    @ ~/.julia/packages/CUDA/75aiI/src/broadcast.jl:25 [inlined]
  [9] similar
    @ ./broadcast.jl:223 [inlined]
 [10] copy
    @ ~/.julia/packages/GPUArrays/HjWFN/src/host/broadcast.jl:29 [inlined]
 [11] materialize(bc::Base.Broadcast.Broadcasted{CUDA.CuArrayStyle{3, CUDA.DeviceMemory}, Nothing, Zygote.var"#1388#1389"{typeof(abs)}, Tuple{CuArray{Float32, 3, CUDA.DeviceMemory}}})
    @ Base.Broadcast ./broadcast.jl:903
 [12] broadcast_forward(f::Function, args::CuArray{Float32, 3, CUDA.DeviceMemory})
    @ Zygote ~/.julia/packages/Zygote/nsBv0/src/lib/broadcast.jl:282
 [13] adjoint
    @ ~/.julia/packages/Zygote/nsBv0/src/lib/broadcast.jl:361 [inlined]
 [14] _pullback(__context__::Zygote.Context{false}, 636::typeof(Base.Broadcast.broadcasted), 637::CUDA.CuArrayStyle{3, CUDA.DeviceMemory}, f::Function, args::CuArray{Float32, 3, CUDA.DeviceMemory})
    @ Zygote ~/.julia/packages/ZygoteRules/M4xmc/src/adjoint.jl:67
 [15] _apply(::Function, ::Vararg{Any})
    @ Core ./boot.jl:838
 [16] adjoint
    @ ~/.julia/packages/Zygote/nsBv0/src/lib/lib.jl:203 [inlined]
 [17] _pullback
    @ ~/.julia/packages/ZygoteRules/M4xmc/src/adjoint.jl:67 [inlined]
 [18] broadcasted
    @ ./broadcast.jl:1341 [inlined]
 [19] MWavelet
    @ ~/repos/Julia-Wav-KAN/KAN/wavelets/meyer.jl:37 [inlined]
 [20] _pullback(ctx::Zygote.Context{false}, f::Main.KAN_RecurrentNO.layers.Meyer.MWavelet, args::CuArray{Float32, 3, CUDA.DeviceMemory})
    @ Zygote ~/.julia/packages/Zygote/nsBv0/src/compiler/interface2.jl:0
 [21] KANdense_layer
    @ ~/repos/Julia-Wav-KAN/KAN/KAN_layers.jl:82 [inlined]
 [22] _pullback(ctx::Zygote.Context{false}, f::Main.KAN_RecurrentNO.layers.KANdense_layer, args::CuArray{Float32, 2, CUDA.DeviceMemory})
    @ Zygote ~/.julia/packages/Zygote/nsBv0/src/compiler/interface2.jl:0
 [23] fwd_pass
    @ ~/repos/Julia-Wav-KAN/wavKAN_RNO/KAN_RNO.jl:51 [inlined]
 [24] _pullback(::Zygote.Context{false}, ::typeof(Main.KAN_RecurrentNO.fwd_pass), ::Main.KAN_RecurrentNO.KAN_RNO, ::CuArray{Float32, 1, CUDA.DeviceMemory}, ::CuArray{Float32, 1, CUDA.DeviceMemory}, ::CuArray{Float32, 2, CUDA.DeviceMemory})
    @ Zygote ~/.julia/packages/Zygote/nsBv0/src/compiler/interface2.jl:0
 [25] KAN_RNO
    @ ~/repos/Julia-Wav-KAN/wavKAN_RNO/KAN_RNO.jl:71 [inlined]
 [26] _pullback(::Zygote.Context{false}, ::Main.KAN_RecurrentNO.KAN_RNO, ::CuArray{Float32, 2, CUDA.DeviceMemory}, ::CuArray{Float32, 2, CUDA.DeviceMemory})
    @ Zygote ~/.julia/packages/Zygote/nsBv0/src/compiler/interface2.jl:0
 [27] loss_fcn
    @ ~/repos/Julia-Wav-KAN/utils.jl:12 [inlined]
 [28] _pullback(::Zygote.Context{false}, ::typeof(loss_fcn), ::Main.KAN_RecurrentNO.KAN_RNO, ::CuArray{Float32, 2, CUDA.DeviceMemory}, ::CuArray{Float32, 2, CUDA.DeviceMemory})
    @ Zygote ~/.julia/packages/Zygote/nsBv0/src/compiler/interface2.jl:0
 [29] #1
    @ ~/repos/Julia-Wav-KAN/pipeline/train.jl:20 [inlined]
 [30] _pullback(ctx::Zygote.Context{false}, f::Main.training.var"#1#2"{typeof(loss_fcn), CuArray{Float32, 2, CUDA.DeviceMemory}, CuArray{Float32, 2, CUDA.DeviceMemory}}, args::Main.KAN_RecurrentNO.KAN_RNO)
    @ Zygote ~/.julia/packages/Zygote/nsBv0/src/compiler/interface2.jl:0
 [31] pullback(f::Function, cx::Zygote.Context{false}, args::Main.KAN_RecurrentNO.KAN_RNO)
    @ Zygote ~/.julia/packages/Zygote/nsBv0/src/compiler/interface.jl:90
 [32] pullback
    @ ~/.julia/packages/Zygote/nsBv0/src/compiler/interface.jl:88 [inlined]
 [33] withgradient(f::Function, args::Main.KAN_RecurrentNO.KAN_RNO)
    @ Zygote ~/.julia/packages/Zygote/nsBv0/src/compiler/interface.jl:205
 [34] train_step(m::Main.KAN_RecurrentNO.KAN_RNO, opt_state::@NamedTuple{output_layers::Vector{@NamedTuple{transform::@NamedTuple{weights::Optimisers.Leaf{Optimisers.Adam, Tuple{CuArray{Float32, 2, CUDA.DeviceMemory}, CuArray{Float32, 2, CUDA.DeviceMemory}, Tuple{Float32, Float32}}}, aux::Tuple{}}, output_layer::Tuple{}, norm::Tuple{}, scale::Optimisers.Leaf{Optimisers.Adam, Tuple{CuArray{Float32, 2, CUDA.DeviceMemory}, CuArray{Float32, 2, CUDA.DeviceMemory}, Tuple{Float32, Float32}}}, translation::Optimisers.Leaf{Optimisers.Adam, Tuple{CuArray{Float32, 2, CUDA.DeviceMemory}, CuArray{Float32, 2, CUDA.DeviceMemory}, Tuple{Float32, Float32}}}, reshape_fcn::Tuple{}, norm_permute::Tuple{}}}, hidden_layers::Vector{@NamedTuple{transform::@NamedTuple{weights::Optimisers.Leaf{Optimisers.Adam, Tuple{CuArray{Float32, 2, CUDA.DeviceMemory}, CuArray{Float32, 2, CUDA.DeviceMemory}, Tuple{Float32, Float32}}}, aux::Tuple{}}, output_layer::Tuple{}, norm::Tuple{}, scale::Optimisers.Leaf{Optimisers.Adam, Tuple{CuArray{Float32, 2, CUDA.DeviceMemory}, CuArray{Float32, 2, CUDA.DeviceMemory}, Tuple{Float32, Float32}}}, translation::Optimisers.Leaf{Optimisers.Adam, Tuple{CuArray{Float32, 2, CUDA.DeviceMemory}, CuArray{Float32, 2, CUDA.DeviceMemory}, Tuple{Float32, Float32}}}, reshape_fcn::Tuple{}, norm_permute::Tuple{}}}, dt::Optimisers.Leaf{Optimisers.Adam, Tuple{CuArray{Float32, 1, CUDA.DeviceMemory}, CuArray{Float32, 1, CUDA.DeviceMemory}, Tuple{Float32, Float32}}}, T::Tuple{}, n_hidden::Tuple{}}, train_loader::MLUtils.DataLoader{Tuple{CuArray{Float32, 2, CUDA.DeviceMemory}, CuArray{Float32, 2, CUDA.DeviceMemory}}, Random._GLOBAL_RNG, Val{nothing}}, test_loader::MLUtils.DataLoader{Tuple{CuArray{Float32, 2, CUDA.DeviceMemory}, CuArray{Float32, 2, CUDA.DeviceMemory}}, Random._GLOBAL_RNG, Val{nothing}}, loss::typeof(loss_fcn), epoch::Int64)
    @ Main.training ~/repos/Julia-Wav-KAN/pipeline/train.jl:20
 [35] objective(trial::HyperTuning.Trial{Int64})
    @ Main ~/repos/Julia-Wav-KAN/wavKAN_RNO/hyperparamter_tuning.jl:70
 [36] evaluate_trial!(f::typeof(objective), trial::HyperTuning.Trial{Int64}, verbose::Bool)
    @ HyperTuning ~/.julia/packages/HyperTuning/7Qthr/src/evaluator/sequential.jl:5
 [37] evaluate_objective_sequential(f::Function, scenario::Scenario)
    @ HyperTuning ~/.julia/packages/HyperTuning/7Qthr/src/evaluator/sequential.jl:27
 [38] evaluate_objective
    @ ~/.julia/packages/HyperTuning/7Qthr/src/evaluator/evaluate_objective.jl:12 [inlined]
 [39] optimize!(f::Function, scenario::Scenario)
    @ HyperTuning ~/.julia/packages/HyperTuning/7Qthr/src/optimize.jl:29
 [40] optimize(f::Function, scenario::Scenario)
    @ HyperTuning ~/.julia/packages/HyperTuning/7Qthr/src/optimize.jl:47
 [41] top-level scope
    @ ~/repos/Julia-Wav-KAN/wavKAN_RNO/hyperparamter_tuning.jl:107
in expression starting at /home/pr478/repos/Julia-Wav-KAN/wavKAN_RNO/hyperparamter_tuning.jl:107
[+] Trial 1: Pair{Symbol, Any}[:activation => "relu", :b_size => 17, :gamma => 0.5742362944389552, :layer_norm => true, :learning_rate => 0.0771438413684239, :n_hidden => 22, :n_layers => 4, :step_rate => 38, :wav_five => "Morlet", :wav_four => "Shannon", :wav_one => "Meyer", :wav_six => "Morlet", :wav_three => "Shannon", :wav_two => "MexicanHat"] evaluated NaN at instance 1
[+] Trial 2: Pair{Symbol, Any}[:activation => "relu", :b_size => 10, :gamma => 0.6395376577662902, :layer_norm => false, :learning_rate => 0.03425584841945926, :n_hidden => 54, :n_layers => 6, :step_rate => 31, :wav_five => "DerivativeOfGaussian", :wav_four => "DerivativeOfGaussian", :wav_one => "DerivativeOfGaussian", :wav_six => "DerivativeOfGaussian", :wav_three => "Shannon", :wav_two => "Shannon"] evaluated NaN at instance 1
[+] Trial 3: Pair{Symbol, Any}[:activation => "gelu", :b_size => 15, :gamma => 0.6845389904763457, :layer_norm => true, :learning_rate => 0.02086331122164377, :n_hidden => 70, :n_layers => 2, :step_rate => 20, :wav_five => "Meyer", :wav_four => "MexicanHat", :wav_one => "DerivativeOfGaussian", :wav_six => "Shannon", :wav_three => "Morlet", :wav_two => "Meyer"] evaluated NaN at instance 1
[+] Trial 4: Pair{Symbol, Any}[:activation => "leakyrelu", :b_size => 12, :gamma => 0.793284159450768, :layer_norm => true, :learning_rate => 0.0572572410208586, :n_hidden => 4, :n_layers => 4, :step_rate => 19, :wav_five => "Meyer", :wav_four => "MexicanHat", :wav_one => "DerivativeOfGaussian", :wav_six => "Morlet", :wav_three => "Shannon", :wav_two => "Shannon"] evaluated NaN at instance 1
[+] Trial 5: Pair{Symbol, Any}[:activation => "gelu", :b_size => 17, :gamma => 0.7068425055798746, :layer_norm => true, :learning_rate => 0.07339796415376963, :n_hidden => 27, :n_layers => 3, :step_rate => 13, :wav_five => "DerivativeOfGaussian", :wav_four => "Meyer", :wav_one => "MexicanHat", :wav_six => "DerivativeOfGaussian", :wav_three => "Shannon", :wav_two => "MexicanHat"] evaluated NaN at instance 1
[+] Trial 6: Pair{Symbol, Any}[:activation => "relu", :b_size => 10, :gamma => 0.5138257631196345, :layer_norm => true, :learning_rate => 0.05418154522882613, :n_hidden => 61, :n_layers => 4, :step_rate => 37, :wav_five => "MexicanHat", :wav_four => "Meyer", :wav_one => "Morlet", :wav_six => "MexicanHat", :wav_three => "Meyer", :wav_two => "DerivativeOfGaussian"] evaluated NaN at instance 1
[+] Trial 7: Pair{Symbol, Any}[:activation => "swish", :b_size => 1, :gamma => 0.5786975227917408, :layer_norm => true, :learning_rate => 0.09931201448653784, :n_hidden => 55, :n_layers => 4, :step_rate => 33, :wav_five => "Shannon", :wav_four => "Shannon", :wav_one => "Meyer", :wav_six => "Meyer", :wav_three => "DerivativeOfGaussian", :wav_two => "MexicanHat"] evaluated NaN at instance 1
[+] Trial 8: Pair{Symbol, Any}[:activation => "leakyrelu", :b_size => 2, :gamma => 0.7218001103848044, :layer_norm => true, :learning_rate => 0.03845129403427127, :n_hidden => 2, :n_layers => 4, :step_rate => 32, :wav_five => "MexicanHat", :wav_four => "Morlet", :wav_one => "Meyer", :wav_six => "MexicanHat", :wav_three => "DerivativeOfGaussian", :wav_two => "DerivativeOfGaussian"] evaluated NaN at instance 1
[+] Trial 9: Pair{Symbol, Any}[:activation => "leakyrelu", :b_size => 18, :gamma => 0.8994501656538216, :layer_norm => true, :learning_rate => 0.07940914236941404, :n_hidden => 31, :n_layers => 6, :step_rate => 21, :wav_five => "Meyer", :wav_four => "Shannon", :wav_one => "Meyer", :wav_six => "MexicanHat", :wav_three => "Morlet", :wav_two => "MexicanHat"] evaluated NaN at instance 1
[+] Trial 10: Pair{Symbol, Any}[:activation => "leakyrelu", :b_size => 18, :gamma => 0.5652505611031838, :layer_norm => false, :learning_rate => 0.001957806458522804, :n_hidden => 48, :n_layers => 4, :step_rate => 39, :wav_five => "MexicanHat", :wav_four => "Shannon", :wav_one => "Meyer", :wav_six => "Meyer", :wav_three => "Shannon", :wav_two => "Shannon"] evaluated 13388.15380859375 at instance 1
[+] Trial 11: Pair{Symbol, Any}[:activation => "swish", :b_size => 19, :gamma => 0.5530772806367226, :layer_norm => true, :learning_rate => 0.08864546584250886, :n_hidden => 84, :n_layers => 3, :step_rate => 18, :wav_five => "Shannon", :wav_four => "Morlet", :wav_one => "DerivativeOfGaussian", :wav_six => "MexicanHat", :wav_three => "Shannon", :wav_two => "DerivativeOfGaussian"] evaluated NaN at instance 1
[+] Trial 12: Pair{Symbol, Any}[:activation => "swish", :b_size => 1, :gamma => 0.7790646945109457, :layer_norm => true, :learning_rate => 0.019858855814478788, :n_hidden => 89, :n_layers => 3, :step_rate => 20, :wav_five => "DerivativeOfGaussian", :wav_four => "DerivativeOfGaussian", :wav_one => "Shannon", :wav_six => "DerivativeOfGaussian", :wav_three => "Meyer", :wav_two => "Morlet"] evaluated NaN at instance 1
[*] Trial 13: Pair{Symbol, Any}[:activation => "relu", :b_size => 10, :gamma => 0.8611037948787522, :layer_norm => false, :learning_rate => 0.019263714119362584, :n_hidden => 15, :n_layers => 2, :step_rate => 32, :wav_five => "MexicanHat", :wav_four => "Meyer", :wav_one => "Morlet", :wav_six => "MexicanHat", :wav_three => "Meyer", :wav_two => "DerivativeOfGaussian"] evaluated 2.163920074701309 at instance 1
[+] Trial 14: Pair{Symbol, Any}[:activation => "selu", :b_size => 15, :gamma => 0.7334483662282749, :layer_norm => false, :learning_rate => 0.012634108991126722, :n_hidden => 81, :n_layers => 2, :step_rate => 22, :wav_five => "Morlet", :wav_four => "Morlet", :wav_one => "Meyer", :wav_six => "Shannon", :wav_three => "DerivativeOfGaussian", :wav_two => "DerivativeOfGaussian"] evaluated NaN at instance 1
[+] Trial 15: Pair{Symbol, Any}[:activation => "relu", :b_size => 6, :gamma => 0.8399498615879033, :layer_norm => false, :learning_rate => 0.07541732746416255, :n_hidden => 60, :n_layers => 4, :step_rate => 14, :wav_five => "MexicanHat", :wav_four => "DerivativeOfGaussian", :wav_one => "DerivativeOfGaussian", :wav_six => "Meyer", :wav_three => "Morlet", :wav_two => "Meyer"] evaluated NaN at instance 1
[+] Trial 16: Pair{Symbol, Any}[:activation => "selu", :b_size => 2, :gamma => 0.6137660032429126, :layer_norm => true, :learning_rate => 0.03475722836225583, :n_hidden => 13, :n_layers => 4, :step_rate => 26, :wav_five => "Morlet", :wav_four => "Meyer", :wav_one => "Morlet", :wav_six => "DerivativeOfGaussian", :wav_three => "Shannon", :wav_two => "DerivativeOfGaussian"] evaluated NaN at instance 1
[+] Trial 17: Pair{Symbol, Any}[:activation => "relu", :b_size => 8, :gamma => 0.8648700449033717, :layer_norm => true, :learning_rate => 0.06578336669993333, :n_hidden => 64, :n_layers => 6, :step_rate => 40, :wav_five => "DerivativeOfGaussian", :wav_four => "DerivativeOfGaussian", :wav_one => "DerivativeOfGaussian", :wav_six => "MexicanHat", :wav_three => "DerivativeOfGaussian", :wav_two => "MexicanHat"] evaluated NaN at instance 1
[*] Trial 18: Pair{Symbol, Any}[:activation => "leakyrelu", :b_size => 10, :gamma => 0.8393151747029703, :layer_norm => false, :learning_rate => 0.02310932149811378, :n_hidden => 24, :n_layers => 4, :step_rate => 36, :wav_five => "Morlet", :wav_four => "MexicanHat", :wav_one => "MexicanHat", :wav_six => "DerivativeOfGaussian", :wav_three => "Shannon", :wav_two => "Shannon"] evaluated 4.855696141719818 at instance 1
[+] Trial 19: Pair{Symbol, Any}[:activation => "swish", :b_size => 5, :gamma => 0.760702115283101, :layer_norm => true, :learning_rate => 0.04220934433593054, :n_hidden => 75, :n_layers => 4, :step_rate => 25, :wav_five => "Morlet", :wav_four => "MexicanHat", :wav_one => "MexicanHat", :wav_six => "Morlet", :wav_three => "Morlet", :wav_two => "Meyer"] evaluated NaN at instance 1
[+] Trial 20: Pair{Symbol, Any}[:activation => "selu", :b_size => 19, :gamma => 0.6207333917742013, :layer_norm => true, :learning_rate => 0.07707890838493162, :n_hidden => 52, :n_layers => 4, :step_rate => 31, :wav_five => "Meyer", :wav_four => "DerivativeOfGaussian", :wav_one => "Morlet", :wav_six => "Meyer", :wav_three => "Morlet", :wav_two => "Shannon"] evaluated NaN at instance 1
[+] Trial 21: Pair{Symbol, Any}[:activation => "relu", :b_size => 18, :gamma => 0.681068096856553, :layer_norm => true, :learning_rate => 0.061727471818489484, :n_hidden => 60, :n_layers => 3, :step_rate => 15, :wav_five => "Shannon", :wav_four => "MexicanHat", :wav_one => "MexicanHat", :wav_six => "Shannon", :wav_three => "Shannon", :wav_two => "Morlet"] evaluated NaN at instance 1
[+] Trial 22: Pair{Symbol, Any}[:activation => "leakyrelu", :b_size => 10, :gamma => 0.6219282998337439, :layer_norm => true, :learning_rate => 0.08943905924567219, :n_hidden => 56, :n_layers => 6, :step_rate => 20, :wav_five => "Morlet", :wav_four => "Shannon", :wav_one => "Meyer", :wav_six => "Meyer", :wav_three => "DerivativeOfGaussian", :wav_two => "Morlet"] evaluated NaN at instance 1
[+] Trial 23: Pair{Symbol, Any}[:activation => "gelu", :b_size => 7, :gamma => 0.5296279694441535, :layer_norm => false, :learning_rate => 0.08564643535621673, :n_hidden => 54, :n_layers => 4, :step_rate => 36, :wav_five => "MexicanHat", :wav_four => "Shannon", :wav_one => "DerivativeOfGaussian", :wav_six => "Shannon", :wav_three => "Morlet", :wav_two => "DerivativeOfGaussian"] evaluated NaN at instance 1
[*] Trial 24: Pair{Symbol, Any}[:activation => "leakyrelu", :b_size => 4, :gamma => 0.569577022696374, :layer_norm => false, :learning_rate => 0.019094710265794228, :n_hidden => 38, :n_layers => 3, :step_rate => 36, :wav_five => "DerivativeOfGaussian", :wav_four => "Meyer", :wav_one => "Meyer", :wav_six => "Morlet", :wav_three => "MexicanHat", :wav_two => "MexicanHat"] evaluated 2.986908085644245 at instance 1
[+] Trial 25: Pair{Symbol, Any}[:activation => "selu", :b_size => 11, :gamma => 0.5968878174837052, :layer_norm => true, :learning_rate => 0.007941585627347956, :n_hidden => 69, :n_layers => 5, :step_rate => 17, :wav_five => "Meyer", :wav_four => "Shannon", :wav_one => "Meyer", :wav_six => "MexicanHat", :wav_three => "DerivativeOfGaussian", :wav_two => "DerivativeOfGaussian"] evaluated NaN at instance 1
[+] Trial 26: Pair{Symbol, Any}[:activation => "relu", :b_size => 15, :gamma => 0.5391375672744579, :layer_norm => true, :learning_rate => 0.019183998659058545, :n_hidden => 69, :n_layers => 4, :step_rate => 38, :wav_five => "DerivativeOfGaussian", :wav_four => "DerivativeOfGaussian", :wav_one => "MexicanHat", :wav_six => "Morlet", :wav_three => "MexicanHat", :wav_two => "MexicanHat"] evaluated NaN at instance 1
[+] Trial 27: Pair{Symbol, Any}[:activation => "gelu", :b_size => 16, :gamma => 0.7088885573494972, :layer_norm => false, :learning_rate => 0.09116256741464672, :n_hidden => 69, :n_layers => 4, :step_rate => 39, :wav_five => "MexicanHat", :wav_four => "Meyer", :wav_one => "MexicanHat", :wav_six => "Meyer", :wav_three => "DerivativeOfGaussian", :wav_two => "Shannon"] evaluated NaN at instance 1
[+] Trial 28: Pair{Symbol, Any}[:activation => "relu", :b_size => 14, :gamma => 0.6217399019292803, :layer_norm => true, :learning_rate => 0.0071098813936082824, :n_hidden => 44, :n_layers => 4, :step_rate => 23, :wav_five => "MexicanHat", :wav_four => "MexicanHat", :wav_one => "Shannon", :wav_six => "Shannon", :wav_three => "Shannon", :wav_two => "Meyer"] evaluated NaN at instance 1
